Flow report for perceptron_synth
Sat Jul 11 14:17:34 2026
Quartus II 64-Bit Version 13.1.0 Build 162 10/23/2013 SJ Web Edition


---------------------
; Table of Contents ;
---------------------
  1. Legal Notice
  2. Flow Summary
  3. Flow Settings
  4. Flow Non-Default Global Settings
  5. Flow Elapsed Time
  6. Flow OS Summary
  7. Flow Log
  8. Flow Messages
  9. Flow Suppressed Messages



----------------
; Legal Notice ;
----------------
Copyright (C) 1991-2013 Altera Corporation
Your use of Altera Corporation's design tools, logic functions 
and other software and tools, and its AMPP partner logic 
functions, and any output files from any of the foregoing 
(including device programming or simulation files), and any 
associated documentation or information are expressly subject 
to the terms and conditions of the Altera Program License 
Subscription Agreement, Altera MegaCore Function License 
Agreement, or other applicable license agreement, including, 
without limitation, that your use is for the sole purpose of 
programming logic devices manufactured by Altera and sold by 
Altera or its authorized distributors.  Please refer to the 
applicable agreement for further details.



+---------------------------------------------------------------------------------+
; Flow Summary                                                                    ;
+------------------------------------+--------------------------------------------+
; Flow Status                        ; Successful - Sat Jul 11 14:16:53 2026      ;
; Quartus II 64-Bit Version          ; 13.1.0 Build 162 10/23/2013 SJ Web Edition ;
; Revision Name                      ; perceptron_synth                           ;
; Top-level Entity Name              ; top_cache_total                            ;
; Family                             ; Cyclone III                                ;
; Device                             ; EP3C25F324C6                               ;
; Timing Models                      ; Final                                      ;
; Total logic elements               ; 9,990 / 24,624 ( 41 % )                    ;
;     Total combinational functions  ; 9,132 / 24,624 ( 37 % )                    ;
;     Dedicated logic registers      ; 4,608 / 24,624 ( 19 % )                    ;
; Total registers                    ; 4608                                       ;
; Total pins                         ; 135 / 216 ( 63 % )                         ;
; Total virtual pins                 ; 0                                          ;
; Total memory bits                  ; 32,896 / 608,256 ( 5 % )                   ;
; Embedded Multiplier 9-bit elements ; 0 / 132 ( 0 % )                            ;
; Total PLLs                         ; 0 / 4 ( 0 % )                              ;
+------------------------------------+--------------------------------------------+


+-----------------------------------------+
; Flow Settings                           ;
+-------------------+---------------------+
; Option            ; Setting             ;
+-------------------+---------------------+
; Start date & time ; 07/11/2026 14:07:39 ;
; Main task         ; Compilation         ;
; Revision Name     ; perceptron_synth    ;
+-------------------+---------------------+


+------------------------------------------------------------------------------------------------------------------------+
; Flow Non-Default Global Settings                                                                                       ;
+-------------------------------------+--------------------------------+------------------+-----------------+------------+
; Assignment Name                     ; Value                          ; Default Value    ; Entity Name     ; Section Id ;
+-------------------------------------+--------------------------------+------------------+-----------------+------------+
; COMPILER_SIGNATURE_ID               ; 27214220575726.178378965915372 ; --               ; --              ; --         ;
; MAX_CORE_JUNCTION_TEMP              ; 85                             ; --               ; --              ; --         ;
; MIN_CORE_JUNCTION_TEMP              ; 0                              ; --               ; --              ; --         ;
; NOMINAL_CORE_SUPPLY_VOLTAGE         ; 1.2V                           ; --               ; --              ; --         ;
; PARTITION_COLOR                     ; 16764057                       ; --               ; top_cache_total ; Top        ;
; PARTITION_FITTER_PRESERVATION_LEVEL ; PLACEMENT_AND_ROUTING          ; --               ; top_cache_total ; Top        ;
; PARTITION_NETLIST_TYPE              ; SOURCE                         ; --               ; top_cache_total ; Top        ;
; PROJECT_OUTPUT_DIRECTORY            ; output_files                   ; --               ; --              ; --         ;
; TOP_LEVEL_ENTITY                    ; top_cache_total                ; perceptron_synth ; --              ; --         ;
+-------------------------------------+--------------------------------+------------------+-----------------+------------+


+-------------------------------------------------------------------------------------------------------------------------------+
; Flow Elapsed Time                                                                                                             ;
+---------------------------+--------------+-------------------------+---------------------+------------------------------------+
; Module Name               ; Elapsed Time ; Average Processors Used ; Peak Virtual Memory ; Total CPU Time (on all processors) ;
+---------------------------+--------------+-------------------------+---------------------+------------------------------------+
; Analysis & Synthesis      ; 00:07:19     ; 1.0                     ; 4960 MB             ; 00:07:16                           ;
; Fitter                    ; 00:01:46     ; 1.0                     ; 5044 MB             ; 00:01:43                           ;
; Assembler                 ; 00:00:02     ; 1.0                     ; 4626 MB             ; 00:00:02                           ;
; TimeQuest Timing Analyzer ; 00:00:40     ; 1.0                     ; 4942 MB             ; 00:00:39                           ;
; Total                     ; 00:09:47     ; --                      ; --                  ; 00:09:40                           ;
+---------------------------+--------------+-------------------------+---------------------+------------------------------------+


+----------------------------------------------------------------------------------------+
; Flow OS Summary                                                                        ;
+---------------------------+------------------+-----------+------------+----------------+
; Module Name               ; Machine Hostname ; OS Name   ; OS Version ; Processor type ;
+---------------------------+------------------+-----------+------------+----------------+
; Analysis & Synthesis      ; DESKTOP-U0VJHCF  ; Windows 7 ; 6.2        ; x86_64         ;
; Fitter                    ; DESKTOP-U0VJHCF  ; Windows 7 ; 6.2        ; x86_64         ;
; Assembler                 ; DESKTOP-U0VJHCF  ; Windows 7 ; 6.2        ; x86_64         ;
; TimeQuest Timing Analyzer ; DESKTOP-U0VJHCF  ; Windows 7 ; 6.2        ; x86_64         ;
+---------------------------+------------------+-----------+------------+----------------+


------------
; Flow Log ;
------------
quartus_map --read_settings_files=on --write_settings_files=off perceptron_synth -c perceptron_synth
quartus_fit --read_settings_files=off --write_settings_files=off perceptron_synth -c perceptron_synth
quartus_asm --read_settings_files=off --write_settings_files=off perceptron_synth -c perceptron_synth
quartus_sta perceptron_synth -c perceptron_synth



